[ T-Deposit ]
    title = Deposit energy in a certain region
     mesh =  reg            # mesh type is region-wise
      reg = { 701 - 708 } { 710 - 740 }
   volume                   # combined, lattice or level structure 
   non     reg      vol     # reg definition
    1      701   1.1450E+03 # 701
    2      702   1.0070E+03 # 702
    3      703   6.3706E+00 # 703
    4      704   2.0800E+02 # 704
    5      705   1.4100E+03 # 705
    6      706   7.5000E+01 # 706
    7      707   1.3900E+02 # 707
    8      708   1.3611E+04 # 708
    9      710   9.1136E-03 # 710
   10      711   9.1136E-03 # 711
   11      712   9.1136E-03 # 712
   12      713   9.1136E-03 # 713
   13      714   9.1136E-03 # 714
   14      715   9.1136E-03 # 715
   15      716   9.1136E-03 # 716
   16      717   9.1136E-03 # 717
   17      718   9.1136E-03 # 718
   18      719   9.1136E-03 # 719
   19      720   9.1136E-03 # 720
   20      721   9.1136E-03 # 721
   21      722   9.1136E-03 # 722
   22      723   9.1136E-03 # 723
   23      724   9.1136E-03 # 724
   24      725   9.1136E-03 # 725
   25      726   9.1136E-03 # 726
   26      727   9.1136E-03 # 727
   27      728   9.1136E-03 # 728
   28      729   9.1136E-03 # 729
   29      730   9.1136E-03 # 730
   30      731   9.1136E-03 # 731
   31      732   9.1136E-03 # 732
   32      733   9.1136E-03 # 733
   33      734   9.1136E-03 # 734
   34      735   9.1136E-03 # 735
   35      736   9.1136E-03 # 736
   36      737   9.1136E-03 # 737
   37      738   9.1136E-03 # 738
   38      739   9.1136E-03 # 739
   39      740   9.1136E-03 # 740
     unit =    0            # unit is [Gy/source]
   letmat =    0            # (D=0) mat ID for LET, 0:real mat, <0: electron for H2O
  dedxfnc =    0            # (D=0) user defined multiplier, 0(no), 1, 2
 material =  all            # (D=all) number of specific material
   output =  dose           # total deposit energy
  deposit =    0            # (D=0) 0-> total deposit dist, 1-> each process
     axis =   reg           # axis of output
     file = Result_ATP-AM_VARIAN-field4.out  # file name of output for the above axis
     part =  all      
# kf/name :  0        
   mother =  all            # (D=all) number of specific mother
#    used :        main (  %)        temp (  %)       total (  %)
#  memory :          43 (  0)           0 (  0)          43 (  0)

#------------------------------------------------------------------------------
#newpage:
#   no. =  1

x: Serial Num. of Region
y: Dose [Gy/source]      
p: xlin ylog afac(0.8) form(0.9)
h:   x      n     n          y(all     ),l3 n   
#  num    reg     volume       all       r.err 
    1     701   1.1450E+03   1.0585E-03  0.0110
    2     702   1.0070E+03   5.7427E-04  0.0136
    3     703   6.3706E+00   8.9258E-03  0.0114
    4     704   2.0800E+02   2.7863E-05  0.0176
    5     705   1.4100E+03   3.6200E-05  0.0100
    6     706   7.5000E+01   1.0350E-04  0.0204
    7     707   1.3900E+02   1.8655E-04  0.0136
    8     708   1.3611E+04   2.7819E-04  0.0015
    9     710   9.1136E-03   0.0000E+00  0.0000
   10     711   9.1136E-03   1.7840E-03  0.3011
   11     712   9.1136E-03   5.4283E-05  0.7985
   12     713   9.1136E-03   3.0597E-04  0.8959
   13     714   9.1136E-03   1.0455E-04  0.9816
   14     715   9.1136E-03   6.3482E-04  0.4047
   15     716   9.1136E-03   5.9928E-05  0.7777
   16     717   9.1136E-03   2.9282E-04  0.3795
   17     718   9.1136E-03   3.4645E-04  0.8623
   18     719   9.1136E-03   2.0187E-03  0.3614
   19     720   9.1136E-03   1.1297E-04  0.5482
   20     721   9.1136E-03   1.7723E-04  0.3703
   21     722   9.1136E-03   4.3037E-05  0.9437
   22     723   9.1136E-03   5.5132E-04  0.5984
   23     724   9.1136E-03   3.7744E-04  0.3914
   24     725   9.1136E-03   1.7240E-03  0.2657
   25     726   9.1136E-03   1.6761E-04  0.5240
   26     727   9.1136E-03   1.0063E-03  0.3915
   27     728   9.1136E-03   1.2354E-02  0.0995
   28     729   9.1136E-03   3.3708E-05  0.5682
   29     730   9.1136E-03   4.5517E-04  0.6364
   30     731   9.1136E-03   4.9031E-03  0.2139
   31     732   9.1136E-03   1.6101E-04  0.6657
   32     733   9.1136E-03   5.9374E-03  0.1826
   33     734   9.1136E-03   5.4876E-05  0.7153
   34     735   9.1136E-03   1.2634E-03  0.3277
   35     736   9.1136E-03   4.7226E-03  0.1405
   36     737   9.1136E-03   6.6420E-03  0.1594
   37     738   9.1136E-03   5.2850E-03  0.1298
   38     739   9.1136E-03   6.1047E-03  0.1690
   39     740   9.1136E-03   6.1408E-03  0.1859

#   sum over    1.7602E+04   3.2523E-04  0.0032

'no. =  1'
msuc: {\huge Deposit energy in a certain region}
msdr: {\it plotted by \ANGEL \version}
msdl: {\it calculated by \PHITS  3.35}
 
# Information for Restart Calculation
# This calculation was newly started
# istdev =  1 # 1:Batch variance, 2:History variance
# resc2  = 3.22952708615361685E-13 # Total source weight or Total source weight / maxcas
# resc3  = 2.80000000000000000E+01 # Total history number or Total batch number
# maxcas =   100000000 # History / Batch, only used for istdev=1
# bitrseed = 1000100001101110001110110110100101010001001101000100110100010110 # bit data of rseed
