[ T-Deposit ]
    title = Deposit energy in a certain region
     mesh =  reg            # mesh type is region-wise
      reg = { 701 - 708 } { 710 - 740 }
   volume                   # combined, lattice or level structure 
   non     reg      vol     # reg definition
    1      701   1.1450E+03 # 701
    2      702   1.0070E+03 # 702
    3      703   6.3706E+00 # 703
    4      704   2.0800E+02 # 704
    5      705   1.4100E+03 # 705
    6      706   7.5000E+01 # 706
    7      707   1.3900E+02 # 707
    8      708   1.3611E+04 # 708
    9      710   9.1136E-03 # 710
   10      711   9.1136E-03 # 711
   11      712   9.1136E-03 # 712
   12      713   9.1136E-03 # 713
   13      714   9.1136E-03 # 714
   14      715   9.1136E-03 # 715
   15      716   9.1136E-03 # 716
   16      717   9.1136E-03 # 717
   17      718   9.1136E-03 # 718
   18      719   9.1136E-03 # 719
   19      720   9.1136E-03 # 720
   20      721   9.1136E-03 # 721
   21      722   9.1136E-03 # 722
   22      723   9.1136E-03 # 723
   23      724   9.1136E-03 # 724
   24      725   9.1136E-03 # 725
   25      726   9.1136E-03 # 726
   26      727   9.1136E-03 # 727
   27      728   9.1136E-03 # 728
   28      729   9.1136E-03 # 729
   29      730   9.1136E-03 # 730
   30      731   9.1136E-03 # 731
   31      732   9.1136E-03 # 732
   32      733   9.1136E-03 # 733
   33      734   9.1136E-03 # 734
   34      735   9.1136E-03 # 735
   35      736   9.1136E-03 # 736
   36      737   9.1136E-03 # 737
   37      738   9.1136E-03 # 738
   38      739   9.1136E-03 # 739
   39      740   9.1136E-03 # 740
     unit =    0            # unit is [Gy/source]
   letmat =    0            # (D=0) mat ID for LET, 0:real mat, <0: electron for H2O
  dedxfnc =    0            # (D=0) user defined multiplier, 0(no), 1, 2
 material =  all            # (D=all) number of specific material
   output =  dose           # total deposit energy
  deposit =    0            # (D=0) 0-> total deposit dist, 1-> each process
     axis =   reg           # axis of output
     file = Result_ATP-AM_VARIAN.out  # file name of output for the above axis
     part =  all      
# kf/name :  0        
   mother =  all            # (D=all) number of specific mother
#    used :        main (  %)        temp (  %)       total (  %)
#  memory :          43 (  0)           0 (  0)          43 (  0)

#------------------------------------------------------------------------------
#newpage:
#   no. =  1

x: Serial Num. of Region
y: Dose [Gy/source]      
p: xlin ylog afac(0.8) form(0.9)
h:   x      n     n          y(all     ),l3 n   
#  num    reg     volume       all       r.err 
    1     701   1.1450E+03   1.4944E-03  0.0085
    2     702   1.0070E+03   9.8434E-06  0.0642
    3     703   6.3706E+00   8.5722E-03  0.0141
    4     704   2.0800E+02   1.7845E-05  0.0227
    5     705   1.4100E+03   2.8037E-05  0.0133
    6     706   7.5000E+01   1.3851E-05  0.0796
    7     707   1.3900E+02   1.6548E-05  0.0396
    8     708   1.3611E+04   1.7887E-04  0.0026
    9     710   9.1136E-03   1.7253E-04  0.7502
   10     711   9.1136E-03   1.3857E-03  0.5095
   11     712   9.1136E-03   2.4917E-04  1.0000
   12     713   9.1136E-03   1.7903E-04  0.8634
   13     714   9.1136E-03   1.7859E-05  1.0000
   14     715   9.1136E-03   4.1695E-05  0.7098
   15     716   9.1136E-03   0.0000E+00  0.0000
   16     717   9.1136E-03   4.6449E-05  0.6653
   17     718   9.1136E-03   4.6991E-07  1.0000
   18     719   9.1136E-03   2.4972E-05  1.0000
   19     720   9.1136E-03   2.2553E-04  0.7054
   20     721   9.1136E-03   1.1410E-03  0.4986
   21     722   9.1136E-03   1.6541E-04  0.9860
   22     723   9.1136E-03   3.0485E-05  1.0000
   23     724   9.1136E-03   1.6915E-04  0.6433
   24     725   9.1136E-03   6.3032E-04  0.5012
   25     726   9.1136E-03   1.7713E-06  1.0000
   26     727   9.1136E-03   3.1928E-06  1.0000
   27     728   9.1136E-03   1.8964E-05  1.0000
   28     729   9.1136E-03   1.0074E-04  0.7370
   29     730   9.1136E-03   1.6727E-05  1.0000
   30     731   9.1136E-03   6.1863E-05  0.9919
   31     732   9.1136E-03   4.6068E-03  0.1841
   32     733   9.1136E-03   9.3952E-04  0.4527
   33     734   9.1136E-03   7.3228E-03  0.1594
   34     735   9.1136E-03   0.0000E+00  0.0000
   35     736   9.1136E-03   5.7759E-03  0.2131
   36     737   9.1136E-03   7.3180E-03  0.1794
   37     738   9.1136E-03   5.3595E-03  0.1800
   38     739   9.1136E-03   6.6684E-03  0.1734
   39     740   9.1136E-03   4.4291E-03  0.2722

#   sum over    1.7602E+04   2.4186E-04  0.0044

'no. =  1'
msuc: {\huge Deposit energy in a certain region}
msdr: {\it plotted by \ANGEL \version}
msdl: {\it calculated by \PHITS  3.35}
 
# Information for Restart Calculation
# This calculation was newly started
# istdev =  1 # 1:Batch variance, 2:History variance
# resc2  = 2.07612456266708215E-13 # Total source weight or Total source weight / maxcas
# resc3  = 1.80000000000000000E+01 # Total history number or Total batch number
# maxcas =   100000000 # History / Batch, only used for istdev=1
# bitrseed = 0100100101011000101100110010101110011100000011101000101001100110 # bit data of rseed
