[ T-Deposit ]
    title = Deposit energy in a certain region
     mesh =  reg            # mesh type is region-wise
      reg = { 701 - 708 } { 710 - 740 }
   volume                   # combined, lattice or level structure 
   non     reg      vol     # reg definition
    1      701   1.1450E+03 # 701
    2      702   1.0070E+03 # 702
    3      703   6.3706E+00 # 703
    4      704   2.0800E+02 # 704
    5      705   1.4100E+03 # 705
    6      706   7.5000E+01 # 706
    7      707   1.3900E+02 # 707
    8      708   1.3611E+04 # 708
    9      710   9.1136E-03 # 710
   10      711   9.1136E-03 # 711
   11      712   9.1136E-03 # 712
   12      713   9.1136E-03 # 713
   13      714   9.1136E-03 # 714
   14      715   9.1136E-03 # 715
   15      716   9.1136E-03 # 716
   16      717   9.1136E-03 # 717
   17      718   9.1136E-03 # 718
   18      719   9.1136E-03 # 719
   19      720   9.1136E-03 # 720
   20      721   9.1136E-03 # 721
   21      722   9.1136E-03 # 722
   22      723   9.1136E-03 # 723
   23      724   9.1136E-03 # 724
   24      725   9.1136E-03 # 725
   25      726   9.1136E-03 # 726
   26      727   9.1136E-03 # 727
   27      728   9.1136E-03 # 728
   28      729   9.1136E-03 # 729
   29      730   9.1136E-03 # 730
   30      731   9.1136E-03 # 731
   31      732   9.1136E-03 # 732
   32      733   9.1136E-03 # 733
   33      734   9.1136E-03 # 734
   34      735   9.1136E-03 # 735
   35      736   9.1136E-03 # 736
   36      737   9.1136E-03 # 737
   37      738   9.1136E-03 # 738
   38      739   9.1136E-03 # 739
   39      740   9.1136E-03 # 740
     unit =    0            # unit is [Gy/source]
   letmat =    0            # (D=0) mat ID for LET, 0:real mat, <0: electron for H2O
  dedxfnc =    0            # (D=0) user defined multiplier, 0(no), 1, 2
 material =  all            # (D=all) number of specific material
   output =  dose           # total deposit energy
  deposit =    0            # (D=0) 0-> total deposit dist, 1-> each process
     axis =   reg           # axis of output
     file = Result_ATP-AM_VARIAN-field2.out  # file name of output for the above axis
     part =  all      
# kf/name :  0        
   mother =  all            # (D=all) number of specific mother
#    used :        main (  %)        temp (  %)       total (  %)
#  memory :          43 (  0)           0 (  0)          43 (  0)

#------------------------------------------------------------------------------
#newpage:
#   no. =  1

x: Serial Num. of Region
y: Dose [Gy/source]      
p: xlin ylog afac(0.8) form(0.9)
h:   x      n     n          y(all     ),l3 n   
#  num    reg     volume       all       r.err 
    1     701   1.1450E+03   7.1513E-04  0.0106
    2     702   1.0070E+03   1.0171E-03  0.0089
    3     703   6.3706E+00   5.0229E-03  0.0167
    4     704   2.0800E+02   2.9524E-05  0.0179
    5     705   1.4100E+03   3.8494E-05  0.0069
    6     706   7.5000E+01   9.4591E-05  0.0186
    7     707   1.3900E+02   1.3210E-04  0.0182
    8     708   1.3611E+04   2.8466E-04  0.0013
    9     710   9.1136E-03   1.2314E-06  1.0000
   10     711   9.1136E-03   9.7858E-04  0.3366
   11     712   9.1136E-03   5.2886E-05  0.7615
   12     713   9.1136E-03   2.5849E-04  0.5784
   13     714   9.1136E-03   3.7382E-05  0.6640
   14     715   9.1136E-03   6.4996E-04  0.5208
   15     716   9.1136E-03   4.4783E-06  0.6918
   16     717   9.1136E-03   1.5882E-04  0.5729
   17     718   9.1136E-03   8.6971E-06  0.6612
   18     719   9.1136E-03   8.3740E-04  0.4459
   19     720   9.1136E-03   7.4808E-05  0.7019
   20     721   9.1136E-03   2.8543E-04  0.6608
   21     722   9.1136E-03   3.0394E-04  0.6296
   22     723   9.1136E-03   2.0838E-04  0.5431
   23     724   9.1136E-03   4.9762E-04  0.4007
   24     725   9.1136E-03   1.9129E-03  0.3210
   25     726   9.1136E-03   5.1901E-04  0.5322
   26     727   9.1136E-03   1.2297E-03  0.3913
   27     728   9.1136E-03   3.7549E-02  0.0786
   28     729   9.1136E-03   7.8765E-05  1.0000
   29     730   9.1136E-03   9.9483E-06  1.0000
   30     731   9.1136E-03   3.5833E-03  0.1870
   31     732   9.1136E-03   2.0299E-04  0.5679
   32     733   9.1136E-03   2.9166E-03  0.2434
   33     734   9.1136E-03   0.0000E+00  0.0000
   34     735   9.1136E-03   1.2182E-02  0.0897
   35     736   9.1136E-03   3.2272E-03  0.1850
   36     737   9.1136E-03   4.1825E-03  0.2083
   37     738   9.1136E-03   4.0385E-03  0.1983
   38     739   9.1136E-03   2.2231E-03  0.2534
   39     740   9.1136E-03   2.4104E-03  0.2206

#   sum over    1.7602E+04   3.3157E-04  0.0026

'no. =  1'
msuc: {\huge Deposit energy in a certain region}
msdr: {\it plotted by \ANGEL \version}
msdl: {\it calculated by \PHITS  3.35}
 
# Information for Restart Calculation
# This calculation was newly started
# istdev =  1 # 1:Batch variance, 2:History variance
# resc2  = 2.76816607421790382E-13 # Total source weight or Total source weight / maxcas
# resc3  = 2.40000000000000000E+01 # Total history number or Total batch number
# maxcas =   100000000 # History / Batch, only used for istdev=1
# bitrseed = 0000100001110010100111110000101000101101000011011010001000101110 # bit data of rseed
